2022-06-01 09:01:50.802 ***** ERROR ***** [V9.2.0] ERROR *****
2022-06-01 09:01:50.804 ***** ERROR ***** [V9.2.0] on file 'E:\Logiciels\xampp\htdocs\jeanne\ProjeQtor\model\ImputationLine.php' at line (1339)
2022-06-01 09:01:50.812 ***** ERROR ***** [V9.2.0] cause = Undefined variable: critWhere
2022-06-01 09:02:01.708 ***** ERROR ***** [V9.2.0] ERROR *****
2022-06-01 09:02:01.709 ***** ERROR ***** [V9.2.0] on file 'E:\Logiciels\xampp\htdocs\jeanne\ProjeQtor\model\ImputationLine.php' at line (1339)
2022-06-01 09:02:01.710 ***** ERROR ***** [V9.2.0] cause = Undefined variable: critWhere
2022-06-01 09:03:41.185 ***** ERROR ***** [V9.2.0] ERROR *****
2022-06-01 09:03:41.186 ***** ERROR ***** [V9.2.0] on file 'E:\Logiciels\xampp\htdocs\jeanne\ProjeQtor\model\ImputationLine.php' at line (1339)
2022-06-01 09:03:41.188 ***** ERROR ***** [V9.2.0] cause = Undefined variable: critWhere
2022-06-01 09:16:10.009 ***** ERROR ***** [V9.2.0] ERROR *****
2022-06-01 09:16:10.009 ***** ERROR ***** [V9.2.0] on file 'E:\Logiciels\xampp\htdocs\jeanne\ProjeQtor\model\ImputationLine.php' at line (1349)
2022-06-01 09:16:10.010 ***** ERROR ***** [V9.2.0] cause = Undefined variable: _cachedQuery
2022-06-01 09:39:06.546 ===== TRACE ===== DISCONNECTED USER 'guest'
2022-06-01 09:39:33.566 ===== TRACE ===== NEW CONNECTED USER 'guest' (using remember me feature)
2022-06-01 10:24:37.053 ***** ERROR ***** [V9.2.0] ERROR *****
2022-06-01 10:24:37.053 ***** ERROR ***** [V9.2.0] on file 'E:\Logiciels\xampp\htdocs\jeanne\ProjeQtor\model\ImputationLine.php' at line (1453)
2022-06-01 10:24:37.054 ***** ERROR ***** [V9.2.0] cause = Undefined variable: prj
2022-06-01 10:25:25.002 ***** ERROR ***** [V9.2.0] ERROR *****
2022-06-01 10:25:25.003 ***** ERROR ***** [V9.2.0] on file 'E:\Logiciels\xampp\htdocs\jeanne\ProjeQtor\model\ImputationLine.php' at line (1453)
2022-06-01 10:25:25.004 ***** ERROR ***** [V9.2.0] cause = Undefined variable: visibleProjectList
2022-06-01 10:43:11.125 ***** ERROR ***** [V9.2.0] ERROR *****
2022-06-01 10:43:11.126 ***** ERROR ***** [V9.2.0] on file 'E:\Logiciels\xampp\htdocs\jeanne\ProjeQtor\model\ImputationLine.php' at line (1343)
2022-06-01 10:43:11.127 ***** ERROR ***** [V9.2.0] cause = Trying to get property 'planningelement' of non-object
2022-06-01 10:43:16.612 ***** ERROR ***** [V9.2.0] ERROR *****
2022-06-01 10:43:16.616 ***** ERROR ***** [V9.2.0] on file 'E:\Logiciels\xampp\htdocs\jeanne\ProjeQtor\model\ImputationLine.php' at line (1343)
2022-06-01 10:43:16.617 ***** ERROR ***** [V9.2.0] cause = Trying to get property 'planningelement' of non-object
2022-06-01 10:55:03.788 ***** ERROR ***** [V9.2.0] ERROR *****
2022-06-01 10:55:03.789 ***** ERROR ***** [V9.2.0] on file 'E:\Logiciels\xampp\htdocs\jeanne\ProjeQtor\model\ImputationLine.php' at line (1347)
2022-06-01 10:55:03.790 ***** ERROR ***** [V9.2.0] cause = Undefined index: userId
2022-06-01 10:55:53.671 ***** ERROR ***** [V9.2.0] ERROR *****
2022-06-01 10:55:53.672 ***** ERROR ***** [V9.2.0] on file 'E:\Logiciels\xampp\htdocs\jeanne\ProjeQtor\model\ImputationLine.php' at line (1349)
2022-06-01 10:55:53.673 ***** ERROR ***** [V9.2.0] cause = Undefined index: userId
2022-06-01 10:57:17.261 ***** ERROR ***** [V9.2.0] ERROR *****
2022-06-01 10:57:17.262 ***** ERROR ***** [V9.2.0] on file 'E:\Logiciels\xampp\htdocs\jeanne\ProjeQtor\model\ImputationLine.php' at line (1347)
2022-06-01 10:57:17.263 ***** ERROR ***** [V9.2.0] cause = Undefined variable: userId
2022-06-01 10:58:27.301 ***** ERROR ***** [V9.2.0] ERROR *****
2022-06-01 10:58:27.303 ***** ERROR ***** [V9.2.0] on file 'E:\Logiciels\xampp\htdocs\jeanne\ProjeQtor\model\ImputationLine.php' at line (1347)
2022-06-01 10:58:27.303 ***** ERROR ***** [V9.2.0] cause = Undefined variable: idle
2022-06-01 10:58:47.201 ***** ERROR ***** [V9.2.0] ERROR *****
2022-06-01 10:58:47.203 ***** ERROR ***** [V9.2.0] on file 'E:\Logiciels\xampp\htdocs\jeanne\ProjeQtor\model\ImputationLine.php' at line (1348)
2022-06-01 10:58:47.203 ***** ERROR ***** [V9.2.0] cause = Undefined variable: showPlannedWork
2022-06-01 11:00:00.553 ===== TRACE ===== NEW CONNECTED USER 'guest' (using remember me feature)
2022-06-01 11:03:16.362 ***** ERROR ***** [V9.2.0] ERROR *****
2022-06-01 11:03:16.364 ***** ERROR ***** [V9.2.0] on file 'E:\Logiciels\xampp\htdocs\jeanne\ProjeQtor\model\ImputationLine.php' at line (1350)
2022-06-01 11:03:16.365 ***** ERROR ***** [V9.2.0] cause = Undefined variable: assList
2022-06-01 11:10:36.734 ***** ERROR ***** [V9.2.0] ERROR *****
2022-06-01 11:10:36.735 ***** ERROR ***** [V9.2.0] on file 'E:\Logiciels\xampp\htdocs\jeanne\ProjeQtor\model\ImputationLine.php' at line (1351)
2022-06-01 11:10:36.735 ***** ERROR ***** [V9.2.0] cause = Undefined offset: 0
2022-06-01 11:10:51.399 ***** ERROR ***** [V9.2.0] ERROR *****
2022-06-01 11:10:51.399 ***** ERROR ***** [V9.2.0] on file 'E:\Logiciels\xampp\htdocs\jeanne\ProjeQtor\model\ImputationLine.php' at line (1351)
2022-06-01 11:10:51.400 ***** ERROR ***** [V9.2.0] cause = Undefined offset: 1
2022-06-01 11:11:39.293 ***** ERROR ***** [V9.2.0] ERROR *****
2022-06-01 11:11:39.293 ***** ERROR ***** [V9.2.0] on file 'E:\Logiciels\xampp\htdocs\jeanne\ProjeQtor\model\ImputationLine.php' at line (1351)
2022-06-01 11:11:39.294 ***** ERROR ***** [V9.2.0] cause = Undefined offset: 0
2022-06-01 11:11:48.105 ***** ERROR ***** [V9.2.0] ERROR *****
2022-06-01 11:11:48.107 ***** ERROR ***** [V9.2.0] on file 'E:\Logiciels\xampp\htdocs\jeanne\ProjeQtor\model\ImputationLine.php' at line (1351)
2022-06-01 11:11:48.108 ***** ERROR ***** [V9.2.0] cause = Undefined offset: 0
2022-06-01 11:11:58.897 ***** ERROR ***** [V9.2.0] ERROR *****
2022-06-01 11:11:58.898 ***** ERROR ***** [V9.2.0] on file 'E:\Logiciels\xampp\htdocs\jeanne\ProjeQtor\model\ImputationLine.php' at line (1351)
2022-06-01 11:11:58.899 ***** ERROR ***** [V9.2.0] cause = Undefined variable: jsontab
2022-06-01 11:12:51.142 ***** ERROR ***** [V9.2.0] ERROR *****
2022-06-01 11:12:51.144 ***** ERROR ***** [V9.2.0] on file 'E:\Logiciels\xampp\htdocs\jeanne\ProjeQtor\model\ImputationLine.php' at line (1351)
2022-06-01 11:12:51.145 ***** ERROR ***** [V9.2.0] cause = Undefined offset: 0
2022-06-01 11:13:08.794 ***** ERROR ***** [V9.2.0] ERROR *****
2022-06-01 11:13:08.796 ***** ERROR ***** [V9.2.0] on file 'E:\Logiciels\xampp\htdocs\jeanne\ProjeQtor\model\ImputationLine.php' at line (1351)
2022-06-01 11:13:08.796 ***** ERROR ***** [V9.2.0] cause = Undefined offset: 0
2022-06-01 11:15:33.500 ***** ERROR ***** [V9.2.0] EXCEPTION *****
2022-06-01 11:15:33.501 ***** ERROR ***** [V9.2.0] on file 'E:\Logiciels\xampp\htdocs\jeanne\ProjeQtor\model\ImputationLine.php' at line (1351)
2022-06-01 11:15:33.502 ***** ERROR ***** [V9.2.0] cause = Cannot use object of type ImputationLine as array
2022-06-01 11:15:33.502 ***** ERROR ***** [V9.2.0]    => #0 E:\Logiciels\xampp\htdocs\jeanne\ProjeQtor\view\imputationList.php (534) -> drawLines()
2022-06-01 11:15:33.502 ***** ERROR ***** [V9.2.0]    => #1 E:\Logiciels\xampp\htdocs\jeanne\ProjeQtor\view\imputationMain.php (36) -> include()
2022-06-01 11:16:08.302 ***** ERROR ***** [V9.2.0] ERROR *****
2022-06-01 11:16:08.303 ***** ERROR ***** [V9.2.0] on file 'E:\Logiciels\xampp\htdocs\jeanne\ProjeQtor\model\ImputationLine.php' at line (1351)
2022-06-01 11:16:08.304 ***** ERROR ***** [V9.2.0] cause = Undefined variable: jsontab
2022-06-01 11:16:21.701 ***** ERROR ***** [V9.2.0] ERROR *****
2022-06-01 11:16:21.702 ***** ERROR ***** [V9.2.0] on file 'E:\Logiciels\xampp\htdocs\jeanne\ProjeQtor\model\ImputationLine.php' at line (1351)
2022-06-01 11:16:21.702 ***** ERROR ***** [V9.2.0] cause = A non well formed numeric value encountered
2022-06-01 11:16:38.536 ***** ERROR ***** [V9.2.0] ERROR *****
2022-06-01 11:16:38.537 ***** ERROR ***** [V9.2.0] on file 'E:\Logiciels\xampp\htdocs\jeanne\ProjeQtor\model\ImputationLine.php' at line (1351)
2022-06-01 11:16:38.540 ***** ERROR ***** [V9.2.0] cause = Illegal string offset 'name'
2022-06-01 11:17:06.722 ***** ERROR ***** [V9.2.0] ERROR *****
2022-06-01 11:17:06.723 ***** ERROR ***** [V9.2.0] on file 'E:\Logiciels\xampp\htdocs\jeanne\ProjeQtor\model\ImputationLine.php' at line (1351)
2022-06-01 11:17:06.724 ***** ERROR ***** [V9.2.0] cause = Uninitialized string offset: 1
2022-06-01 11:18:16.842 ***** ERROR ***** [V9.2.0] ERROR *****
2022-06-01 11:18:16.844 ***** ERROR ***** [V9.2.0] on file 'E:\Logiciels\xampp\htdocs\jeanne\ProjeQtor\model\ImputationLine.php' at line (1351)
2022-06-01 11:18:16.845 ***** ERROR ***** [V9.2.0] cause = Illegal string offset 'name'
2022-06-01 11:19:11.991 ***** ERROR ***** [V9.2.0] ERROR *****
2022-06-01 11:19:11.992 ***** ERROR ***** [V9.2.0] on file 'E:\Logiciels\xampp\htdocs\jeanne\ProjeQtor\model\ImputationLine.php' at line (1352)
2022-06-01 11:19:11.992 ***** ERROR ***** [V9.2.0] cause = Trying to get property 'name' of non-object
2022-06-01 11:19:18.844 ***** ERROR ***** [V9.2.0] ERROR *****
2022-06-01 11:19:18.846 ***** ERROR ***** [V9.2.0] on file 'E:\Logiciels\xampp\htdocs\jeanne\ProjeQtor\model\ImputationLine.php' at line (1352)
2022-06-01 11:19:18.847 ***** ERROR ***** [V9.2.0] cause = Trying to get property 'planningelement' of non-object
2022-06-01 11:19:46.363 ***** ERROR ***** [V9.2.0] ERROR *****
2022-06-01 11:19:46.364 ***** ERROR ***** [V9.2.0] on file 'E:\Logiciels\xampp\htdocs\jeanne\ProjeQtor\model\ImputationLine.php' at line (1352)
2022-06-01 11:19:46.365 ***** ERROR ***** [V9.2.0] cause = Undefined variable: arrayWork
2022-06-01 11:21:51.346 ***** ERROR ***** [V9.2.0] ERROR *****
2022-06-01 11:21:51.347 ***** ERROR ***** [V9.2.0] on file 'E:\Logiciels\xampp\htdocs\jeanne\ProjeQtor\model\ImputationLine.php' at line (1333)
2022-06-01 11:21:51.348 ***** ERROR ***** [V9.2.0] cause = Undefined variable: plan
2022-06-01 11:22:07.048 ***** ERROR ***** [V9.2.0] ERROR *****
2022-06-01 11:22:07.049 ***** ERROR ***** [V9.2.0] on file 'E:\Logiciels\xampp\htdocs\jeanne\ProjeQtor\model\ImputationLine.php' at line (1335)
2022-06-01 11:22:07.051 ***** ERROR ***** [V9.2.0] cause = Undefined variable: plan
2022-06-01 11:22:36.656 ***** ERROR ***** [V9.2.0] ERROR *****
2022-06-01 11:22:36.657 ***** ERROR ***** [V9.2.0] on file 'E:\Logiciels\xampp\htdocs\jeanne\ProjeQtor\model\ImputationLine.php' at line (1335)
2022-06-01 11:22:36.658 ***** ERROR ***** [V9.2.0] cause = Undefined variable: plan
2022-06-01 11:23:10.872 ***** ERROR ***** [V9.2.0] ERROR *****
2022-06-01 11:23:10.873 ***** ERROR ***** [V9.2.0] on file 'E:\Logiciels\xampp\htdocs\jeanne\ProjeQtor\model\ImputationLine.php' at line (1337)
2022-06-01 11:23:10.874 ***** ERROR ***** [V9.2.0] cause = Undefined variable: ass
2022-06-01 15:17:45.982 ***** ERROR ***** [V9.2.0] ERROR *****
2022-06-01 15:17:45.984 ***** ERROR ***** [V9.2.0] on file 'E:\Logiciels\xampp\htdocs\jeanne\ProjeQtor\model\ImputationLine.php' at line (1332)
2022-06-01 15:17:45.985 ***** ERROR ***** [V9.2.0] cause = Attempt to assign property 'refId' of non-object
2022-06-01 15:19:58.108 ***** ERROR ***** [V9.2.0] ERROR *****
2022-06-01 15:19:58.109 ***** ERROR ***** [V9.2.0] on file 'E:\Logiciels\xampp\htdocs\jeanne\ProjeQtor\model\ImputationLine.php' at line (1337)
2022-06-01 15:19:58.115 ***** ERROR ***** [V9.2.0] cause = Undefined offset: 258
2022-06-01 15:20:26.653 ***** ERROR ***** [V9.2.0] ERROR *****
2022-06-01 15:20:26.654 ***** ERROR ***** [V9.2.0] on file 'E:\Logiciels\xampp\htdocs\jeanne\ProjeQtor\model\ImputationLine.php' at line (1337)
2022-06-01 15:20:26.655 ***** ERROR ***** [V9.2.0] cause = Undefined offset: 258
2022-06-01 15:21:03.823 ***** ERROR ***** [V9.2.0] ERROR *****
2022-06-01 15:21:03.824 ***** ERROR ***** [V9.2.0] on file 'E:\Logiciels\xampp\htdocs\jeanne\ProjeQtor\model\ImputationLine.php' at line (1338)
2022-06-01 15:21:03.824 ***** ERROR ***** [V9.2.0] cause = Use of undefined constant refId - assumed 'refId' (this will throw an Error in a future version of PHP)
2022-06-01 15:21:22.560 ***** ERROR ***** [V9.2.0] ERROR *****
2022-06-01 15:21:22.561 ***** ERROR ***** [V9.2.0] on file 'E:\Logiciels\xampp\htdocs\jeanne\ProjeQtor\model\ImputationLine.php' at line (1337)
2022-06-01 15:21:22.562 ***** ERROR ***** [V9.2.0] cause = Undefined offset: 258
2022-06-01 15:21:51.839 ***** ERROR ***** [V9.2.0] HACK ================================================================
2022-06-01 15:21:51.840 ***** ERROR ***** [V9.2.0] Try to hack detected
2022-06-01 15:21:51.841 ***** ERROR ***** [V9.2.0]  Source Code = SqlElement->_construct : id 'Congé test' is not numeric for class Project
2022-06-01 15:21:51.842 ***** ERROR ***** [V9.2.0]  QUERY_STRING = destinationWidth=1975.5&destinationHeight=530.75&isIE=&xhrPostDestination=centerDiv&xhrPostIsResultMessage=false&xhrPostValidationType=&xhrPostTimestamp=1654089711505
2022-06-01 15:21:51.842 ***** ERROR ***** [V9.2.0]  REMOTE_ADDR = 127.0.0.1
2022-06-01 15:21:51.842 ***** ERROR ***** [V9.2.0]  SCRIPT_FILENAME = E:/Logiciels/xampp/htdocs/jeanne/ProjeQtor/view/imputationMain.php
2022-06-01 15:21:51.842 ***** ERROR ***** [V9.2.0]  CONNECTED USER = #2 - guest
2022-06-01 15:21:51.842 ***** ERROR ***** [V9.2.0]  REQUEST_URI = /jeanne/ProjeQtor/view/imputationMain.php?destinationWidth=1975.5&destinationHeight=530.75&isIE=&xhrPostDestination=centerDiv&xhrPostIsResultMessage=false&xhrPostValidationType=&xhrPostTimestamp=1654089711505
2022-06-01 15:22:11.708 ***** ERROR ***** [V9.2.0] HACK ================================================================
2022-06-01 15:22:11.709 ***** ERROR ***** [V9.2.0] Try to hack detected
2022-06-01 15:22:11.709 ***** ERROR ***** [V9.2.0]  Source Code = SqlElement->_construct : id 'Congé test' is not numeric for class Project
2022-06-01 15:22:11.710 ***** ERROR ***** [V9.2.0]  QUERY_STRING = destinationWidth=1975.5&destinationHeight=530.75&isIE=&xhrPostDestination=centerDiv&xhrPostIsResultMessage=false&xhrPostValidationType=&xhrPostTimestamp=1654089730484
2022-06-01 15:22:11.710 ***** ERROR ***** [V9.2.0]  REMOTE_ADDR = 127.0.0.1
2022-06-01 15:22:11.710 ***** ERROR ***** [V9.2.0]  SCRIPT_FILENAME = E:/Logiciels/xampp/htdocs/jeanne/ProjeQtor/view/imputationMain.php
2022-06-01 15:22:11.710 ***** ERROR ***** [V9.2.0]  CONNECTED USER = #2 - guest
2022-06-01 15:22:11.710 ***** ERROR ***** [V9.2.0]  REQUEST_URI = /jeanne/ProjeQtor/view/imputationMain.php?destinationWidth=1975.5&destinationHeight=530.75&isIE=&xhrPostDestination=centerDiv&xhrPostIsResultMessage=false&xhrPostValidationType=&xhrPostTimestamp=1654089730484
2022-06-01 15:23:01.968 ***** ERROR ***** [V9.2.0] ERROR *****
2022-06-01 15:23:01.970 ***** ERROR ***** [V9.2.0] on file 'E:\Logiciels\xampp\htdocs\jeanne\ProjeQtor\model\ImputationLine.php' at line (1338)
2022-06-01 15:23:01.971 ***** ERROR ***** [V9.2.0] cause = Use of undefined constant refId - assumed 'refId' (this will throw an Error in a future version of PHP)
2022-06-01 16:07:54.944 ***** ERROR ***** [V9.2.0] ERROR *****
2022-06-01 16:07:54.945 ***** ERROR ***** [V9.2.0] on file 'E:\Logiciels\xampp\htdocs\jeanne\ProjeQtor\model\ImputationLine.php' at line (1348)
2022-06-01 16:07:54.945 ***** ERROR ***** [V9.2.0] cause = Undefined property: ImputationLine::$work
2022-06-01 16:12:08.991 ***** ERROR ***** [V9.2.0] HACK ================================================================
2022-06-01 16:12:08.991 ***** ERROR ***** [V9.2.0] Try to hack detected
2022-06-01 16:12:08.993 ***** ERROR ***** [V9.2.0]  Source Code = SqlElement->_construct : id 'Congé test' is not numeric for class Project
2022-06-01 16:12:08.993 ***** ERROR ***** [V9.2.0]  QUERY_STRING = destinationWidth=1975.5&destinationHeight=495.75&isIE=&xhrPostDestination=centerDiv&xhrPostIsResultMessage=false&xhrPostValidationType=&xhrPostTimestamp=1654092728593
2022-06-01 16:12:08.993 ***** ERROR ***** [V9.2.0]  REMOTE_ADDR = 127.0.0.1
2022-06-01 16:12:08.993 ***** ERROR ***** [V9.2.0]  SCRIPT_FILENAME = E:/Logiciels/xampp/htdocs/jeanne/ProjeQtor/view/imputationMain.php
2022-06-01 16:12:08.994 ***** ERROR ***** [V9.2.0]  CONNECTED USER = #2 - guest
2022-06-01 16:12:08.994 ***** ERROR ***** [V9.2.0]  REQUEST_URI = /jeanne/ProjeQtor/view/imputationMain.php?destinationWidth=1975.5&destinationHeight=495.75&isIE=&xhrPostDestination=centerDiv&xhrPostIsResultMessage=false&xhrPostValidationType=&xhrPostTimestamp=1654092728593
2022-06-01 16:12:33.983 ***** ERROR ***** [V9.2.0] ERROR *****
2022-06-01 16:12:33.984 ***** ERROR ***** [V9.2.0] on file 'E:\Logiciels\xampp\htdocs\jeanne\ProjeQtor\model\ImputationLine.php' at line (1350)
2022-06-01 16:12:33.986 ***** ERROR ***** [V9.2.0] cause = Trying to get property 'work' of non-object
2022-06-01 16:26:01.602 ***** ERROR ***** [V9.2.0] EXCEPTION *****
2022-06-01 16:26:01.604 ***** ERROR ***** [V9.2.0] on file 'E:\Logiciels\xampp\htdocs\jeanne\ProjeQtor\model\ImputationLine.php' at line (1334)
2022-06-01 16:26:01.606 ***** ERROR ***** [V9.2.0] cause = syntax error, unexpected 'public' (T_PUBLIC)
2022-06-01 16:26:01.606 ***** ERROR ***** [V9.2.0]    => #1 E:\Logiciels\xampp\htdocs\jeanne\ProjeQtor\view\imputationList.php (534) -> spl_autoload_call()
2022-06-01 16:26:01.607 ***** ERROR ***** [V9.2.0]    => #2 E:\Logiciels\xampp\htdocs\jeanne\ProjeQtor\view\imputationMain.php (36) -> include()
2022-06-01 16:35:30.696 ***** ERROR ***** [V9.2.0] ERROR *****
2022-06-01 16:35:30.697 ***** ERROR ***** [V9.2.0] on file 'E:\Logiciels\xampp\htdocs\jeanne\ProjeQtor\model\ImputationLine.php' at line (1486)
2022-06-01 16:35:30.697 ***** ERROR ***** [V9.2.0] cause = Undefined offset: 2072
2022-06-01 16:36:20.021 ***** ERROR ***** [V9.2.0] ERROR *****
2022-06-01 16:36:20.023 ***** ERROR ***** [V9.2.0] on file 'E:\Logiciels\xampp\htdocs\jeanne\ProjeQtor\model\ImputationLine.php' at line (1487)
2022-06-01 16:36:20.023 ***** ERROR ***** [V9.2.0] cause = Undefined offset: 2072
2022-06-01 16:36:21.553 ***** ERROR ***** [V9.2.0] ERROR *****
2022-06-01 16:36:21.554 ***** ERROR ***** [V9.2.0] on file 'E:\Logiciels\xampp\htdocs\jeanne\ProjeQtor\model\ImputationLine.php' at line (1487)
2022-06-01 16:36:21.554 ***** ERROR ***** [V9.2.0] cause = Undefined offset: 2072
2022-06-01 16:36:39.830 ***** ERROR ***** [V9.2.0] ERROR *****
2022-06-01 16:36:39.830 ***** ERROR ***** [V9.2.0] on file 'E:\Logiciels\xampp\htdocs\jeanne\ProjeQtor\model\ImputationLine.php' at line (1487)
2022-06-01 16:36:39.831 ***** ERROR ***** [V9.2.0] cause = Undefined offset: 2072
2022-06-01 16:38:04.420 ***** ERROR ***** [V9.2.0] ERROR *****
2022-06-01 16:38:04.421 ***** ERROR ***** [V9.2.0] on file 'E:\Logiciels\xampp\htdocs\jeanne\ProjeQtor\model\ImputationLine.php' at line (1489)
2022-06-01 16:38:04.421 ***** ERROR ***** [V9.2.0] cause = Undefined offset: 2072
2022-06-01 16:39:17.702 ***** ERROR ***** [V9.2.0] ERROR *****
2022-06-01 16:39:17.703 ***** ERROR ***** [V9.2.0] on file 'E:\Logiciels\xampp\htdocs\jeanne\ProjeQtor\model\ImputationLine.php' at line (1491)
2022-06-01 16:39:17.704 ***** ERROR ***** [V9.2.0] cause = Undefined offset: 2072
2022-06-01 16:39:35.705 ***** ERROR ***** [V9.2.0] ERROR *****
2022-06-01 16:39:35.706 ***** ERROR ***** [V9.2.0] on file 'E:\Logiciels\xampp\htdocs\jeanne\ProjeQtor\model\ImputationLine.php' at line (1491)
2022-06-01 16:39:35.708 ***** ERROR ***** [V9.2.0] cause = Undefined offset: 2072
2022-06-01 16:43:12.669 ***** ERROR ***** [V9.2.0] EXCEPTION *****
2022-06-01 16:43:12.670 ***** ERROR ***** [V9.2.0] on file 'E:\Logiciels\xampp\htdocs\jeanne\ProjeQtor\model\ImputationLine.php' at line (1495)
2022-06-01 16:43:12.671 ***** ERROR ***** [V9.2.0] cause = syntax error, unexpected 'getAllWorkProjectDay' (T_STRING), expecting '('
2022-06-01 16:43:12.671 ***** ERROR ***** [V9.2.0]    => #1 E:\Logiciels\xampp\htdocs\jeanne\ProjeQtor\view\imputationList.php (534) -> spl_autoload_call()
2022-06-01 16:43:12.671 ***** ERROR ***** [V9.2.0]    => #2 E:\Logiciels\xampp\htdocs\jeanne\ProjeQtor\view\imputationMain.php (36) -> include()
2022-06-01 16:44:16.734 ***** ERROR ***** [V9.2.0] ERROR *****
2022-06-01 16:44:16.735 ***** ERROR ***** [V9.2.0] on file 'E:\Logiciels\xampp\htdocs\jeanne\ProjeQtor\model\ImputationLine.php' at line (1500)
2022-06-01 16:44:16.736 ***** ERROR ***** [V9.2.0] cause = Undefined offset: 1496
2022-06-01 16:47:07.800 ***** ERROR ***** [V9.2.0] EXCEPTION *****
2022-06-01 16:47:07.801 ***** ERROR ***** [V9.2.0] on file 'E:\Logiciels\xampp\htdocs\jeanne\ProjeQtor\model\ImputationLine.php' at line (1386)
2022-06-01 16:47:07.801 ***** ERROR ***** [V9.2.0] cause = syntax error, unexpected 'var_dump' (T_STRING), expecting function (T_FUNCTION) or const (T_CONST)
2022-06-01 16:47:07.802 ***** ERROR ***** [V9.2.0]    => #1 E:\Logiciels\xampp\htdocs\jeanne\ProjeQtor\view\imputationList.php (534) -> spl_autoload_call()
2022-06-01 16:47:07.803 ***** ERROR ***** [V9.2.0]    => #2 E:\Logiciels\xampp\htdocs\jeanne\ProjeQtor\view\imputationMain.php (36) -> include()
2022-06-01 16:47:28.395 ***** ERROR ***** [V9.2.0] EXCEPTION *****
2022-06-01 16:47:28.396 ***** ERROR ***** [V9.2.0] on file 'E:\Logiciels\xampp\htdocs\jeanne\ProjeQtor\model\ImputationLine.php' at line (1386)
2022-06-01 16:47:28.397 ***** ERROR ***** [V9.2.0] cause = syntax error, unexpected 'var_dump' (T_STRING), expecting function (T_FUNCTION) or const (T_CONST)
2022-06-01 16:47:28.397 ***** ERROR ***** [V9.2.0]    => #1 E:\Logiciels\xampp\htdocs\jeanne\ProjeQtor\view\imputationList.php (534) -> spl_autoload_call()
2022-06-01 16:47:28.397 ***** ERROR ***** [V9.2.0]    => #2 E:\Logiciels\xampp\htdocs\jeanne\ProjeQtor\view\imputationMain.php (36) -> include()
2022-06-01 16:47:45.450 ***** ERROR ***** [V9.2.0] ERROR *****
2022-06-01 16:47:45.451 ***** ERROR ***** [V9.2.0] on file 'E:\Logiciels\xampp\htdocs\jeanne\ProjeQtor\model\ImputationLine.php' at line (1370)
2022-06-01 16:47:45.452 ***** ERROR ***** [V9.2.0] cause = Undefined variable: imputationList
