2022-06-03 09:12:46.993 ===== TRACE ===== DISCONNECTED USER 'admin'
2022-06-03 09:12:55.158 ===== TRACE ===== NEW CONNECTED USER 'admin' (using remember me feature)
2022-06-03 09:54:57.667 ===== TRACE ===== DISCONNECTED USER 'admin'
2022-06-03 09:55:06.036 ===== TRACE ===== NEW CONNECTED USER 'ilou'
2022-06-03 10:21:04.502 ***** ERROR ***** [V9.2.0] ERROR *****
2022-06-03 10:21:04.503 ***** ERROR ***** [V9.2.0] on file 'E:\Logiciels\xampp\htdocs\jeanne\ProjeQtor\model\ImputationLine.php' at line (1407)
2022-06-03 10:21:04.504 ***** ERROR ***** [V9.2.0] cause = Undefined variable: work
2022-06-03 10:31:36.932 ***** ERROR ***** [V9.2.0] ERROR *****
2022-06-03 10:31:36.933 ***** ERROR ***** [V9.2.0] on file 'E:\Logiciels\xampp\htdocs\jeanne\ProjeQtor\model\ImputationLine.php' at line (1686)
2022-06-03 10:31:36.935 ***** ERROR ***** [V9.2.0] cause = Undefined variable: curDate
2022-06-03 10:32:41.072 ***** ERROR ***** [V9.2.0] EXCEPTION *****
2022-06-03 10:32:41.073 ***** ERROR ***** [V9.2.0] on file 'E:\Logiciels\xampp\htdocs\jeanne\ProjeQtor\model\ImputationLine.php' at line (1678)
2022-06-03 10:32:41.073 ***** ERROR ***** [V9.2.0] cause = Too few arguments to function ImputationLine::recupImputations(), 3 passed in E:\Logiciels\xampp\htdocs\jeanne\ProjeQtor\model\ImputationLine.php on line 1359 and exactly 4 expected
2022-06-03 10:32:41.076 ***** ERROR ***** [V9.2.0]    => #0 E:\Logiciels\xampp\htdocs\jeanne\ProjeQtor\model\ImputationLine.php (1359) -> recupImputations()
2022-06-03 10:32:41.077 ***** ERROR ***** [V9.2.0]    => #1 E:\Logiciels\xampp\htdocs\jeanne\ProjeQtor\view\imputationList.php (534) -> drawLines()
2022-06-03 10:32:41.077 ***** ERROR ***** [V9.2.0]    => #2 E:\Logiciels\xampp\htdocs\jeanne\ProjeQtor\view\imputationMain.php (36) -> include()
2022-06-03 10:35:42.949 ***** ERROR ***** [V9.2.0] ERROR *****
2022-06-03 10:35:42.950 ***** ERROR ***** [V9.2.0] on file 'E:\Logiciels\xampp\htdocs\jeanne\ProjeQtor\model\ImputationLine.php' at line (1687)
2022-06-03 10:35:42.951 ***** ERROR ***** [V9.2.0] cause = A non well formed numeric value encountered
2022-06-03 10:36:14.622 ***** ERROR ***** [V9.2.0] ERROR *****
2022-06-03 10:36:14.626 ***** ERROR ***** [V9.2.0] on file 'E:\Logiciels\xampp\htdocs\jeanne\ProjeQtor\model\ImputationLine.php' at line (1686)
2022-06-03 10:36:14.627 ***** ERROR ***** [V9.2.0] cause = Undefined variable: today
2022-06-03 10:37:20.263 ***** ERROR ***** [V9.2.0] ERROR *****
2022-06-03 10:37:20.265 ***** ERROR ***** [V9.2.0] on file 'E:\Logiciels\xampp\htdocs\jeanne\ProjeQtor\model\ImputationLine.php' at line (1679)
2022-06-03 10:37:20.266 ***** ERROR ***** [V9.2.0] cause = Undefined variable: curDate
2022-06-03 10:37:35.668 ***** ERROR ***** [V9.2.0] ERROR *****
2022-06-03 10:37:35.670 ***** ERROR ***** [V9.2.0] on file 'E:\Logiciels\xampp\htdocs\jeanne\ProjeQtor\model\ImputationLine.php' at line (1679)
2022-06-03 10:37:35.671 ***** ERROR ***** [V9.2.0] cause = Undefined variable: curDate
2022-06-03 10:41:12.908 ***** ERROR ***** [V9.2.0] ERROR *****
2022-06-03 10:41:12.910 ***** ERROR ***** [V9.2.0] on file 'E:\Logiciels\xampp\htdocs\jeanne\ProjeQtor\model\ImputationLine.php' at line (1530)
2022-06-03 10:41:12.910 ***** ERROR ***** [V9.2.0] cause = Undefined offset: 2170
2022-06-03 10:41:32.051 ***** ERROR ***** [V9.2.0] ERROR *****
2022-06-03 10:41:32.052 ***** ERROR ***** [V9.2.0] on file 'E:\Logiciels\xampp\htdocs\jeanne\ProjeQtor\model\ImputationLine.php' at line (1530)
2022-06-03 10:41:32.053 ***** ERROR ***** [V9.2.0] cause = Undefined offset: 2170
2022-06-03 10:59:17.913 ===== TRACE ===== DISCONNECTED USER 'ilou'
2022-06-03 10:59:41.585 ===== TRACE ===== DISCONNECTED USER 'ilou'
2022-06-03 10:59:48.487 ===== TRACE ===== NEW CONNECTED USER 'ilou' (using remember me feature)
2022-06-03 10:59:50.552 ===== TRACE ===== DISCONNECTED USER 'guest'
2022-06-03 11:00:03.312 ===== TRACE ===== NEW CONNECTED USER 'admin'
2022-06-03 11:00:20.982 ***** ERROR ***** [V9.2.0] ERROR *****
2022-06-03 11:00:20.983 ***** ERROR ***** [V9.2.0] on file 'E:\Logiciels\xampp\htdocs\jeanne\ProjeQtor\model\ImputationLine.php' at line (1690)
2022-06-03 11:00:20.984 ***** ERROR ***** [V9.2.0] cause = Undefined variable: imputations
2022-06-03 11:01:11.338 ***** ERROR ***** [V9.2.0] ERROR *****
2022-06-03 11:01:11.340 ***** ERROR ***** [V9.2.0] on file 'E:\Logiciels\xampp\htdocs\jeanne\ProjeQtor\model\ImputationLine.php' at line (1691)
2022-06-03 11:01:11.341 ***** ERROR ***** [V9.2.0] cause = Undefined variable: imputations
2022-06-03 11:06:40.301 ***** ERROR ***** [V9.2.0] ERROR *****
2022-06-03 11:06:40.302 ***** ERROR ***** [V9.2.0] on file 'E:\Logiciels\xampp\htdocs\jeanne\ProjeQtor\model\ImputationLine.php' at line (1409)
2022-06-03 11:06:40.303 ***** ERROR ***** [V9.2.0] cause = Undefined offset: 0
2022-06-03 11:08:47.384 ***** ERROR ***** [V9.2.0] ERROR *****
2022-06-03 11:08:47.385 ***** ERROR ***** [V9.2.0] on file 'E:\Logiciels\xampp\htdocs\jeanne\ProjeQtor\model\ImputationLine.php' at line (1413)
2022-06-03 11:08:47.386 ***** ERROR ***** [V9.2.0] cause = Undefined index: test congé
2022-06-03 11:09:02.427 ***** ERROR ***** [V9.2.0] ERROR *****
2022-06-03 11:09:02.428 ***** ERROR ***** [V9.2.0] on file 'E:\Logiciels\xampp\htdocs\jeanne\ProjeQtor\model\ImputationLine.php' at line (1413)
2022-06-03 11:09:02.429 ***** ERROR ***** [V9.2.0] cause = Undefined index: test congé
2022-06-03 11:12:49.550 ***** ERROR ***** [V9.2.0] ERROR *****
2022-06-03 11:12:49.551 ***** ERROR ***** [V9.2.0] on file 'E:\Logiciels\xampp\htdocs\jeanne\ProjeQtor\model\ImputationLine.php' at line (1419)
2022-06-03 11:12:49.556 ***** ERROR ***** [V9.2.0] cause = Array to string conversion
2022-06-03 11:18:28.243 ***** ERROR ***** [V9.2.0] ERROR *****
2022-06-03 11:18:28.246 ***** ERROR ***** [V9.2.0] on file 'E:\Logiciels\xampp\htdocs\jeanne\ProjeQtor\model\ImputationLine.php' at line (1419)
2022-06-03 11:18:28.247 ***** ERROR ***** [V9.2.0] cause = Array to string conversion
2022-06-03 11:27:43.572 ***** ERROR ***** [V9.2.0] ERROR *****
2022-06-03 11:27:43.573 ***** ERROR ***** [V9.2.0] on file 'E:\Logiciels\xampp\htdocs\jeanne\ProjeQtor\model\ImputationLine.php' at line (1698)
2022-06-03 11:27:43.574 ***** ERROR ***** [V9.2.0] cause = A non well formed numeric value encountered
2022-06-03 15:09:31.519 ===== TRACE ===== DISCONNECTED USER 'ilou'
2022-06-03 15:26:28.800 ***** ERROR ***** [V9.2.0] ERROR *****
2022-06-03 15:26:28.801 ***** ERROR ***** [V9.2.0] on file 'E:\Logiciels\xampp\htdocs\jeanne\ProjeQtor\model\ImputationLine.php' at line (1418)
2022-06-03 15:26:28.801 ***** ERROR ***** [V9.2.0] cause = Undefined variable: n
