2022-05-24 10:04:57.864 ===== TRACE ===== NEW CONNECTED USER 'guest'
2022-05-24 10:15:27.664 ***** ERROR ***** [V9.2.0] ERROR *****
2022-05-24 10:15:27.665 ***** ERROR ***** [V9.2.0] on file 'E:\Logiciels\xampp\htdocs\jeanne\ProjeQtor\view\imputationNIsa.php' at line (4)
2022-05-24 10:15:27.670 ***** ERROR ***** [V9.2.0] cause = Use of undefined constant dojo - assumed 'dojo' (this will throw an Error in a future version of PHP)
2022-05-24 10:15:52.766 ***** ERROR ***** [V9.2.0] ERROR *****
2022-05-24 10:15:52.767 ***** ERROR ***** [V9.2.0] on file 'E:\Logiciels\xampp\htdocs\jeanne\ProjeQtor\view\imputationNIsa.php' at line (4)
2022-05-24 10:15:52.767 ***** ERROR ***** [V9.2.0] cause = Use of undefined constant dojo - assumed 'dojo' (this will throw an Error in a future version of PHP)
2022-05-24 10:16:11.016 ***** ERROR ***** [V9.2.0] ERROR *****
2022-05-24 10:16:11.017 ***** ERROR ***** [V9.2.0] on file 'E:\Logiciels\xampp\htdocs\jeanne\ProjeQtor\view\imputationNIsa.php' at line (4)
2022-05-24 10:16:11.018 ***** ERROR ***** [V9.2.0] cause = Use of undefined constant dojo - assumed 'dojo' (this will throw an Error in a future version of PHP)
2022-05-24 10:23:03.492 ***** ERROR ***** [V9.2.0] ERROR *****
2022-05-24 10:23:03.493 ***** ERROR ***** [V9.2.0] on file 'E:\Logiciels\xampp\htdocs\jeanne\ProjeQtor\view\imputationNIsa.php' at line (4)
2022-05-24 10:23:03.493 ***** ERROR ***** [V9.2.0] cause = Use of undefined constant dojo - assumed 'dojo' (this will throw an Error in a future version of PHP)
2022-05-24 10:24:27.383 ***** ERROR ***** [V9.2.0] ERROR *****
2022-05-24 10:24:27.384 ***** ERROR ***** [V9.2.0] on file 'E:\Logiciels\xampp\htdocs\jeanne\ProjeQtor\view\imputationNIsa.php' at line (102)
2022-05-24 10:24:27.385 ***** ERROR ***** [V9.2.0] cause = Undefined variable: currentDay
2022-05-24 11:15:00.051 ===== TRACE ===== NEW CONNECTED USER 'guest'
2022-05-24 11:16:27.365 ===== TRACE ===== NEW CONNECTED USER 'guest'
2022-05-24 11:43:53.823 ===== TRACE ===== NEW CONNECTED USER 'guest'
2022-05-24 14:00:26.977 ===== TRACE ===== NEW CONNECTED USER 'admin'
2022-05-24 14:02:54.587 ===== TRACE ===== DISCONNECTED USER 'admin'
2022-05-24 14:41:27.111 ===== TRACE ===== NEW CONNECTED USER 'guest'
2022-05-24 14:42:49.351 ===== TRACE ===== NEW CONNECTED USER 'guest'
2022-05-24 14:44:50.259 ===== TRACE ===== NEW CONNECTED USER 'guest'
2022-05-24 14:45:45.593 ===== TRACE ===== DISCONNECTED USER 'guest'
2022-05-24 14:45:47.121 ===== TRACE ===== NEW CONNECTED USER 'guest' (using remember me feature)
2022-05-24 15:40:01.063 ***** ERROR ***** [V9.2.0] HACK ================================================================
2022-05-24 15:40:01.066 ***** ERROR ***** [V9.2.0] Try to hack detected
2022-05-24 15:40:01.068 ***** ERROR ***** [V9.2.0]  Source Code = Direct acces to class file /jeanne/ProjeQtor/model/ImputationValidation.php
2022-05-24 15:40:01.068 ***** ERROR ***** [V9.2.0]  QUERY_STRING = 
2022-05-24 15:40:01.069 ***** ERROR ***** [V9.2.0]  REMOTE_ADDR = 127.0.0.1
2022-05-24 15:40:01.069 ***** ERROR ***** [V9.2.0]  SCRIPT_FILENAME = E:/Logiciels/xampp/htdocs/jeanne/ProjeQtor/model/ImputationValidation.php
2022-05-24 15:40:01.069 ***** ERROR ***** [V9.2.0]  CONNECTED USER = #2 - guest
2022-05-24 15:40:01.070 ***** ERROR ***** [V9.2.0]  REQUEST_URI = /jeanne/ProjeQtor/model/ImputationValidation.php
2022-05-24 15:40:02.784 ===== TRACE ===== NEW CONNECTED USER 'guest' (using remember me feature)
2022-05-24 15:40:35.892 ===== TRACE ===== DISCONNECTED USER 'guest'
2022-05-24 15:40:42.124 ***** ERROR ***** [V9.2.0] HACK ================================================================
2022-05-24 15:40:42.125 ***** ERROR ***** [V9.2.0] Try to hack detected
2022-05-24 15:40:42.125 ***** ERROR ***** [V9.2.0]  Source Code = Direct acces to class file /jeanne/ProjeQtor/model/imputationLine.php
2022-05-24 15:40:42.125 ***** ERROR ***** [V9.2.0]  QUERY_STRING = 
2022-05-24 15:40:42.126 ***** ERROR ***** [V9.2.0]  REMOTE_ADDR = 127.0.0.1
2022-05-24 15:40:42.126 ***** ERROR ***** [V9.2.0]  SCRIPT_FILENAME = E:/Logiciels/xampp/htdocs/jeanne/ProjeQtor/model/ImputationLine.php
2022-05-24 15:40:42.126 ***** ERROR ***** [V9.2.0]  CONNECTED USER = #2 - guest
2022-05-24 15:40:42.126 ***** ERROR ***** [V9.2.0]  REQUEST_URI = /jeanne/ProjeQtor/model/imputationLine.php
2022-05-24 15:40:42.693 ===== TRACE ===== NEW CONNECTED USER 'guest' (using remember me feature)
2022-05-24 15:40:53.854 ===== TRACE ===== DISCONNECTED USER 'guest'
2022-05-24 15:41:18.847 ===== TRACE ===== NEW CONNECTED USER 'guest' (using remember me feature)
