2022-04-25 14:45:47.551 ===== TRACE ===== Login error for user 'admin'
2022-04-25 14:45:51.518 ===== TRACE ===== Login error for user 'admin'
2022-04-25 14:46:27.369 ===== TRACE ===== Login error for user 'Administrator'
2022-04-25 14:46:40.396 ===== TRACE ===== Login error for user 'Admin'
2022-04-25 14:47:56.348 ===== TRACE ===== Login error for user 'alert'
2022-04-25 14:49:16.594 ===== TRACE ===== Login error for user 'root'
2022-04-25 14:51:39.717 ===== TRACE ===== Login error for user 'admin'
2022-04-25 14:51:48.998 ===== TRACE ===== Login error for user 'root'
2022-04-25 14:52:25.805 ===== TRACE ===== Login error for user 'administrator'
2022-04-25 14:52:29.853 ===== TRACE ===== Login error for user 'administrator'
2022-04-25 14:52:35.876 ===== TRACE ===== Login error for user 'administrator'
2022-04-25 14:52:38.848 ===== TRACE ===== Login error for user 'administrator'
2022-04-25 14:52:44.035 ===== TRACE ===== Login error for user 'administrator'
2022-04-25 14:57:25.765 ===== TRACE ===== Login error for user 'root'
2022-04-25 14:57:30.334 ===== TRACE ===== Login error for user 'root'
2022-04-25 14:57:33.485 ===== TRACE ===== Login error for user 'root'
2022-04-25 14:57:40.017 ===== TRACE ===== Login error for user 'admin'
2022-04-25 15:05:55.343 ===== TRACE ===== Login error for user 'jbrom'
2022-04-25 15:06:04.120 ===== TRACE ===== Login error for user 'root'
2022-04-25 15:08:21.535 ===== TRACE ===== Login error for user 'projector'
2022-04-25 15:36:38.859 ===== TRACE ===== Login error for user 'projector'
2022-04-25 15:37:49.400 ===== TRACE ===== Login error for user 'projector'
2022-04-25 15:37:55.333 ===== TRACE ===== Login error for user 'admoin'
2022-04-25 15:37:58.778 ===== TRACE ===== Login error for user 'admin'
2022-04-25 15:38:00.010 ===== TRACE ===== Login error for user 'admi'
2022-04-25 15:38:02.123 ===== TRACE ===== Login error for user 'bill'
2022-04-25 15:52:31.512 ===== TRACE ===== NEW CONNECTED USER 'guest'
2022-04-25 16:23:27.416 ===== TRACE ===== DISCONNECTED USER 'guest'
2022-04-25 16:24:12.394 ===== TRACE ===== Login error for user 'Administrator'
2022-04-25 16:24:15.828 ===== TRACE ===== Login error for user 'administrator'
2022-04-25 16:24:23.879 ===== TRACE ===== Login error for user 'administrator'
2022-04-25 16:24:25.750 ===== TRACE ===== Login error for user 'Administrator'
2022-04-25 16:24:36.317 ===== TRACE ===== NEW CONNECTED USER 'guest'
2022-04-25 16:24:45.956 ===== TRACE ===== DISCONNECTED USER 'guest'
2022-04-25 16:24:55.890 ===== TRACE ===== Login error for user 'Supervisor'
2022-04-25 16:25:02.908 ===== TRACE ===== Login error for user 'Supervisor'
2022-04-25 16:25:08.280 ===== TRACE ===== Login error for user 'Supervisor'
2022-04-25 16:25:11.115 ===== TRACE ===== Login error for user 'Supervisor'
2022-04-25 16:25:13.597 ===== TRACE ===== Login error for user 'Supervisor'
2022-04-25 16:26:31.332 ===== TRACE ===== Login error for user 'TeamMember'
2022-04-25 16:26:37.535 ===== TRACE ===== Login error for user 'TeamMember'
2022-04-25 16:26:53.662 ===== TRACE ===== Login error for user 'Admin'
2022-04-25 16:30:23.320 ===== TRACE ===== Login error for user 'Administror'
2022-04-25 16:30:29.451 ===== TRACE ===== Login error for user 'Administrator'
2022-04-25 16:30:34.927 ===== TRACE ===== Login error for user 'Administrator'
2022-04-25 16:30:44.914 ===== TRACE ===== NEW CONNECTED USER 'guest'
2022-04-25 17:20:13.835 ===== TRACE ===== DISCONNECTED USER 'guest'
2022-04-25 17:20:21.504 ===== TRACE ===== Login error for user 'Test'
2022-04-25 17:20:26.521 ===== TRACE ===== Login error for user 'Admin'
2022-04-25 17:20:32.803 ===== TRACE ===== Login error for user 'Administrateur'
2022-04-25 17:20:37.666 ===== TRACE ===== Login error for user 'Administrateur'
2022-04-25 17:20:43.516 ===== TRACE ===== Login error for user 'Administrateur'
2022-04-25 17:20:49.910 ===== TRACE ===== Login error for user 'Administrateur'
2022-04-25 17:29:08.672 ===== TRACE ===== Login error for user 'Sanofi'
2022-04-25 17:29:14.757 ===== TRACE ===== Login error for user 'Sanofi'
2022-04-25 17:38:28.569 ===== TRACE ===== Login error for user 'admin'
2022-04-25 17:38:35.829 ===== TRACE ===== Login error for user 'Admin'
2022-04-25 17:39:05.419 ===== TRACE ===== Login error for user 'Admin'
2022-04-25 17:39:08.317 ===== TRACE ===== Login error for user 'admin'
2022-04-25 17:40:11.863 ===== TRACE ===== Login locked for user 'aabad'
2022-04-25 17:40:36.773 ===== TRACE ===== Login error for user 'guest'
2022-04-25 17:40:41.398 ===== TRACE ===== Login error for user 'Guest'
